[2022-12-22T00:27:35.707] [WARN] Warn - Ruta: "/info/hola" | Método: "GET" | Respuesta HTTP: "404"
[2022-12-22T00:31:03.599] [WARN] Warn - Ruta: "/info/hola" | Método: "GET" | Respuesta HTTP: "404"
[2022-12-22T00:32:42.716] [WARN] Warn - Ruta: "/home" | Método: "GET" | Respuesta HTTP: "404"
[2022-12-22T17:44:17.125] [WARN] Warn - Ruta: "/hola" | Método: "GET" | Respuesta HTTP: "404 - "Not Found"
[2022-12-22T17:44:45.073] [WARN] Warn - Ruta: "/hola" | Método: "GET" | Respuesta HTTP: "404 - Not Found"
[2022-12-24T16:39:00.030] [WARN] Warn - Ruta: "/js/auth/getUser.js" | Método: "GET" | Respuesta HTTP: "404 - Not Found"
[2022-12-24T16:39:00.038] [WARN] Warn - Ruta: "/js/auth/logout.js" | Método: "GET" | Respuesta HTTP: "404 - Not Found"
[2022-12-24T16:39:00.174] [WARN] Warn - Ruta: "/js/products/addProduct.js" | Método: "GET" | Respuesta HTTP: "404 - Not Found"
[2022-12-24T16:39:00.231] [WARN] Warn - Ruta: "/js/products/editProduct.js" | Método: "GET" | Respuesta HTTP: "404 - Not Found"
[2022-12-24T16:39:00.247] [WARN] Warn - Ruta: "/js/products/viewProducts.js" | Método: "GET" | Respuesta HTTP: "404 - Not Found"
[2022-12-24T16:39:00.362] [WARN] Warn - Ruta: "/js/products/addProductToCart.js" | Método: "GET" | Respuesta HTTP: "404 - Not Found"
[2022-12-24T16:39:00.363] [WARN] Warn - Ruta: "/js/products/filterProducts.js" | Método: "GET" | Respuesta HTTP: "404 - Not Found"
[2022-12-24T16:39:00.383] [WARN] Warn - Ruta: "/js/products/deleteProduct.js" | Método: "GET" | Respuesta HTTP: "404 - Not Found"
[2022-12-24T16:55:19.739] [WARN] Warn - Ruta: "/api/randoms" | Método: "GET" | Respuesta HTTP: "404 - Not Found"
[2022-12-24T16:56:19.605] [WARN] Warn - Ruta: "/api/randoms" | Método: "GET" | Respuesta HTTP: "404 - Not Found"
[2022-12-24T16:57:36.658] [WARN] Warn - Ruta: "/api/randoms" | Método: "GET" | Respuesta HTTP: "404 - Not Found"
[2022-12-24T16:58:48.117] [WARN] Warn - Ruta: "/api/randoms" | Método: "GET" | Respuesta HTTP: "404 - Not Found"
[2022-12-24T17:02:25.708] [WARN] Warn - Ruta: "/api/randoms" | Método: "GET" | Respuesta HTTP: "404 - Not Found"
[2022-12-24T17:06:12.717] [WARN] Warn - Ruta: "/api/randoms" | Método: "GET" | Respuesta HTTP: "404 - Not Found"
[2022-12-24T17:10:03.530] [WARN] Warn - Ruta: "/api/randoms?10" | Método: "GET" | Respuesta HTTP: "404 - Not Found"
[2022-12-24T17:10:22.950] [WARN] Warn - Ruta: "/api/randoms?10" | Método: "GET" | Respuesta HTTP: "404 - Not Found"
[2022-12-24T17:10:49.713] [WARN] Warn - Ruta: "/api/randoms?10" | Método: "GET" | Respuesta HTTP: "404 - Not Found"
[2022-12-24T17:11:11.098] [WARN] Warn - Ruta: "/api/randoms?cant=10" | Método: "GET" | Respuesta HTTP: "404 - Not Found"
[2022-12-24T17:12:18.964] [WARN] Warn - Ruta: "/api/randoms?cant=10" | Método: "GET" | Respuesta HTTP: "404 - Not Found"
[2022-12-24T17:13:03.858] [WARN] Warn - Ruta: "/api/randoms?cant=10" | Método: "GET" | Respuesta HTTP: "404 - Not Found"
[2022-12-24T17:18:37.169] [WARN] Warn - Ruta: "/api/randoms?cant=10" | Método: "GET" | Respuesta HTTP: "404 - Not Found"
[2022-12-24T17:21:26.863] [WARN] Warn - Ruta: "/api/randoms?cant=10" | Método: "GET" | Respuesta HTTP: "404 - Not Found"
[2022-12-24T17:21:38.873] [WARN] Warn - Ruta: "/api/randoms?cant=10" | Método: "GET" | Respuesta HTTP: "404 - Not Found"
[2022-12-24T17:22:14.554] [WARN] Warn - Ruta: "/api/randoms?cant=10" | Método: "GET" | Respuesta HTTP: "404 - Not Found"
[2022-12-24T17:22:30.031] [WARN] Warn - Ruta: "/api/randoms?cant=10" | Método: "GET" | Respuesta HTTP: "404 - Not Found"
[2022-12-24T17:26:19.062] [WARN] Warn - Ruta: "/api/randoms?cant=10" | Método: "GET" | Respuesta HTTP: "404 - Not Found"
[2022-12-24T17:29:28.443] [WARN] Warn - Ruta: "/api/randoms?cant=10" | Método: "GET" | Respuesta HTTP: "404 - Not Found"
[2022-12-24T17:29:38.670] [WARN] Warn - Ruta: "/api/randoms?cant=10" | Método: "GET" | Respuesta HTTP: "404 - Not Found"
[2022-12-24T17:29:58.704] [WARN] Warn - Ruta: "/api/randoms?cant=10" | Método: "GET" | Respuesta HTTP: "404 - Not Found"
[2022-12-24T17:31:54.302] [WARN] Warn - Ruta: "/api/randoms?cant=10" | Método: "GET" | Respuesta HTTP: "404 - Not Found"
[2022-12-24T17:32:21.328] [WARN] Warn - Ruta: "/api/randoms?cant=10" | Método: "GET" | Respuesta HTTP: "404 - Not Found"
[2022-12-24T17:32:31.669] [WARN] Warn - Ruta: "/api/randoms?cant=10" | Método: "GET" | Respuesta HTTP: "404 - Not Found"
[2022-12-24T17:33:10.370] [WARN] Warn - Ruta: "/api/randoms?cant=10" | Método: "GET" | Respuesta HTTP: "404 - Not Found"
[2022-12-24T17:33:41.395] [WARN] Warn - Ruta: "/api/randoms?cant=10" | Método: "GET" | Respuesta HTTP: "404 - Not Found"
[2022-12-24T17:33:55.965] [WARN] Warn - Ruta: "/api/randoms?cant=10" | Método: "GET" | Respuesta HTTP: "404 - Not Found"
[2022-12-28T17:13:35.012] [WARN] Warn - Ruta: "/api/randoms" | Método: "GET" | Respuesta HTTP: "404 - Not Found"
[2022-12-28T17:14:11.353] [WARN] Warn - Ruta: "/api/randoms" | Método: "GET" | Respuesta HTTP: "404 - Not Found"
[2022-12-28T19:52:03.668] [WARN] Warn - Ruta: "/api/randoms" | Método: "GET" | Respuesta HTTP: "404 - Not Found"
[2022-12-28T19:56:42.961] [WARN] Warn - Ruta: "/api/randoms" | Método: "GET" | Respuesta HTTP: "404 - Not Found"
[2022-12-28T19:57:42.977] [WARN] Warn - Ruta: "/colors" | Método: "GET" | Respuesta HTTP: "404 - Not Found"
[2022-12-28T20:01:43.677] [WARN] Warn - Ruta: "/auth/logout" | Método: "POST" | Respuesta HTTP: "404 - Not Found"
[2022-12-28T20:12:54.957] [WARN] Warn - Ruta: "/api/randoms" | Método: "GET" | Respuesta HTTP: "404 - Not Found"
[2022-12-28T20:14:38.881] [WARN] Warn - Ruta: "/api/randoms" | Método: "GET" | Respuesta HTTP: "404 - Not Found"
[2022-12-28T20:20:05.554] [WARN] Warn - Ruta: "/api/randoms" | Método: "GET" | Respuesta HTTP: "404 - Not Found"
[2022-12-28T20:21:15.816] [WARN] Warn - Ruta: "/api/randoms" | Método: "GET" | Respuesta HTTP: "404 - Not Found"
[2022-12-28T20:32:03.503] [WARN] Warn - Ruta: "/api/randoms" | Método: "GET" | Respuesta HTTP: "404 - Not Found"
[2022-12-28T20:32:54.718] [WARN] Warn - Ruta: "/api/randoms" | Método: "GET" | Respuesta HTTP: "404 - Not Found"
[2022-12-28T20:34:24.941] [WARN] Warn - Ruta: "/api/randoms" | Método: "GET" | Respuesta HTTP: "404 - Not Found"
[2022-12-28T20:34:48.032] [WARN] Warn - Ruta: "/api/randoms" | Método: "GET" | Respuesta HTTP: "404 - Not Found"
[2022-12-28T20:34:59.613] [WARN] Warn - Ruta: "/api/randoms" | Método: "GET" | Respuesta HTTP: "404 - Not Found"
[2022-12-28T20:35:11.063] [WARN] Warn - Ruta: "/api/randoms" | Método: "GET" | Respuesta HTTP: "404 - Not Found"
[2022-12-28T20:35:31.304] [WARN] Warn - Ruta: "/api/randoms" | Método: "GET" | Respuesta HTTP: "404 - Not Found"
[2022-12-28T20:35:50.627] [WARN] Warn - Ruta: "/api/randoms" | Método: "GET" | Respuesta HTTP: "404 - Not Found"
[2022-12-28T20:35:59.713] [WARN] Warn - Ruta: "/api/randoms" | Método: "GET" | Respuesta HTTP: "404 - Not Found"
[2022-12-28T20:36:10.887] [WARN] Warn - Ruta: "/api/randoms" | Método: "GET" | Respuesta HTTP: "404 - Not Found"
[2022-12-28T20:38:59.930] [WARN] Warn - Ruta: "/api/randoms" | Método: "GET" | Respuesta HTTP: "404 - Not Found"
[2022-12-28T20:41:09.117] [WARN] Warn - Ruta: "/api/randoms" | Método: "GET" | Respuesta HTTP: "404 - Not Found"
[2022-12-28T20:48:06.131] [WARN] Warn - Ruta: "/api/randoms" | Método: "GET" | Respuesta HTTP: "404 - Not Found"
[2022-12-28T20:48:25.897] [WARN] Warn - Ruta: "/api/randoms" | Método: "GET" | Respuesta HTTP: "404 - Not Found"
[2022-12-28T20:49:22.033] [WARN] Warn - Ruta: "/api/randoms" | Método: "GET" | Respuesta HTTP: "404 - Not Found"
[2022-12-28T20:49:43.524] [WARN] Warn - Ruta: "/api/randoms" | Método: "GET" | Respuesta HTTP: "404 - Not Found"
[2022-12-28T20:50:00.497] [WARN] Warn - Ruta: "/api/randoms" | Método: "GET" | Respuesta HTTP: "404 - Not Found"
[2022-12-28T20:50:34.550] [WARN] Warn - Ruta: "/api/randoms" | Método: "GET" | Respuesta HTTP: "404 - Not Found"
[2022-12-28T20:51:06.058] [WARN] Warn - Ruta: "/api/randoms" | Método: "GET" | Respuesta HTTP: "404 - Not Found"
[2022-12-28T20:51:34.891] [WARN] Warn - Ruta: "/api/randoms" | Método: "GET" | Respuesta HTTP: "404 - Not Found"
[2022-12-28T21:17:50.414] [WARN] Warn - Ruta: "/api/randoms" | Método: "GET" | Respuesta HTTP: "404 - Not Found"
[2022-12-28T21:21:35.067] [WARN] Warn - Ruta: "/api/products/6397a13d032e590d96e47528" | Método: "GET" | Respuesta HTTP: "404 - Not Found"
[2022-12-28T21:25:37.179] [WARN] Warn - Ruta: "/api/products/6397a13d032e590d96e47528" | Método: "GET" | Respuesta HTTP: "404 - Not Found"
[2022-12-28T21:27:50.939] [WARN] Warn - Ruta: "/api/products/6397a13d032e590d96e47528" | Método: "GET" | Respuesta HTTP: "404 - Not Found"
[2022-12-28T21:28:11.593] [WARN] Warn - Ruta: "/api/products/6397a13d032e590d96e47528" | Método: "GET" | Respuesta HTTP: "404 - Not Found"
[2022-12-28T21:29:15.237] [WARN] Warn - Ruta: "/api/products/6397a13d032e590d96e47528" | Método: "GET" | Respuesta HTTP: "404 - Not Found"
[2022-12-28T21:29:45.353] [WARN] Warn - Ruta: "/api/products/6397a13d032e590d96e47528" | Método: "GET" | Respuesta HTTP: "404 - Not Found"
[2022-12-28T21:31:17.430] [WARN] Warn - Ruta: "/api/products/6397a13d032e590d96e47528" | Método: "GET" | Respuesta HTTP: "404 - Not Found"
[2022-12-28T21:32:04.214] [WARN] Warn - Ruta: "/api/products/6397a13d032e590d96e47528" | Método: "GET" | Respuesta HTTP: "404 - Not Found"
[2022-12-28T21:46:48.764] [WARN] Warn - Ruta: "/api/products/6397a13d032e590d96e47528" | Método: "GET" | Respuesta HTTP: "404 - Not Found"
[2022-12-28T21:46:59.412] [WARN] Warn - Ruta: "/api/products/6397a13d032e590d96e47528" | Método: "GET" | Respuesta HTTP: "404 - Not Found"
[2022-12-28T21:49:15.657] [WARN] Warn - Ruta: "/api/products/6397a13d032e590d96e47528" | Método: "GET" | Respuesta HTTP: "404 - Not Found"
[2022-12-28T21:50:15.122] [WARN] Warn - Ruta: "/api/products/6397a13d032e590d96e47528" | Método: "GET" | Respuesta HTTP: "404 - Not Found"
[2022-12-28T21:58:05.998] [WARN] Warn - Ruta: "/api/products/6397a13d032e590d96e47528" | Método: "GET" | Respuesta HTTP: "404 - Not Found"
[2022-12-28T21:58:56.636] [WARN] Warn - Ruta: "/api/products/6397a13d032e590d96e47528" | Método: "GET" | Respuesta HTTP: "404 - Not Found"
[2022-12-28T21:59:38.126] [WARN] Warn - Ruta: "/api/products/6397a13d032e590d96e47528" | Método: "GET" | Respuesta HTTP: "404 - Not Found"
[2022-12-28T22:00:03.852] [WARN] Warn - Ruta: "/api/fake-products" | Método: "GET" | Respuesta HTTP: "404 - Not Found"
[2022-12-28T22:06:31.965] [WARN] Warn - Error al listar: no se encontró el producto con el id indicado.
[2022-12-28T22:06:31.968] [WARN] Warn - Ruta: "/api/products/6397a13d032e590d96e47528" | Método: "GET" | Respuesta HTTP: "404 - Not Found"
[2022-12-28T22:08:09.632] [WARN] Warn - Error al listar: no se encontró el producto con el id indicado.
[2022-12-28T22:08:09.634] [WARN] Warn - Ruta: "/api/products/6397a13d032e590d96e47528" | Método: "GET" | Respuesta HTTP: "404 - Not Found"
[2022-12-28T22:08:29.293] [WARN] Warn - Error al listar: no se encontró el producto con el id indicado.
[2022-12-28T22:08:29.306] [WARN] Warn - Ruta: "/api/products/6397a13d032e590d96e47528" | Método: "GET" | Respuesta HTTP: "404 - Not Found"
[2022-12-28T22:09:23.129] [WARN] Warn - Error al listar: no se encontró el producto con el id indicado.
[2022-12-28T22:09:23.134] [WARN] Warn - Ruta: "/api/products/6397a13d032e590d96e47528" | Método: "GET" | Respuesta HTTP: "404 - Not Found"
[2022-12-28T22:14:31.760] [WARN] Warn - Error al insertar: uno o más campos quedaron vacíos.
[2022-12-28T22:14:31.761] [WARN] Warn - Ruta: "/api/products" | Método: "POST" | Respuesta HTTP: "404 - Not Found"
[2022-12-28T22:14:31.907] [WARN] Warn - Error al listar: no se encontró el producto con el id indicado.
[2022-12-28T22:14:31.908] [WARN] Warn - Ruta: "/api/products/6397ade98336bc2b8db2a23f" | Método: "GET" | Respuesta HTTP: "404 - Not Found"
[2022-12-28T22:14:31.987] [WARN] Warn - Error al actualizar: uno o más campos quedaron vacíos.
[2022-12-28T22:14:31.991] [WARN] Warn - Ruta: "/api/products/63ace9f7363840cbfab59c24" | Método: "PUT" | Respuesta HTTP: "404 - Not Found"
[2022-12-28T22:14:32.042] [WARN] Warn - Error al actualizar: no se encontró el producto con el id indicado.
[2022-12-28T22:14:32.043] [WARN] Warn - Ruta: "/api/products/6397ade98336bc2b8db2a23f" | Método: "PUT" | Respuesta HTTP: "404 - Not Found"
[2022-12-28T22:14:32.154] [WARN] Warn - Error al borrar: no se encontró el producto con el id indicado.
[2022-12-28T22:14:32.154] [WARN] Warn - Ruta: "/api/products/6397ade98336bc2b8db2a23f" | Método: "DELETE" | Respuesta HTTP: "404 - Not Found"
[2022-12-28T22:16:32.316] [WARN] Warn - Error al listar: no se encontró el producto con el id indicado.
[2022-12-28T22:16:32.317] [WARN] Warn - Ruta: "/api/products/6397a13d032e590d96e47528" | Método: "GET" | Respuesta HTTP: "404 - Not Found"
[2022-12-28T22:17:03.836] [WARN] Warn - Ruta: "/api/hola" | Método: "GET" | Respuesta HTTP: "404 - Not Found"
[2022-12-28T22:25:16.577] [WARN] Warn - Ruta: "/hola" | Método: "GET" | Respuesta HTTP: "404 - Not Found"
[2022-12-28T22:28:59.361] [WARN] Warn - Ruta: "/hola" | Método: "GET" | Respuesta HTTP: "404 - Not Found"
[2022-12-28T22:30:04.096] [WARN] Warn - Ruta: "/hola" | Método: "GET" | Respuesta HTTP: "404 - Not Found"
[2022-12-28T22:32:40.721] [WARN] Warn - Ruta: "/hola" | Método: "GET" | Respuesta HTTP: "404 - Not Found"
[2023-01-25T20:52:05.474] [WARN] Warn - Ruta: "/alt='Image" | Método: "GET" | Respuesta HTTP: "404 - Not Found"
[2023-01-25T20:52:07.511] [WARN] Warn - Ruta: "/alt='Image" | Método: "GET" | Respuesta HTTP: "404 - Not Found"
[2023-01-25T20:52:14.634] [WARN] Warn - Ruta: "/alt='Image" | Método: "GET" | Respuesta HTTP: "404 - Not Found"
[2023-01-25T20:52:26.334] [WARN] Warn - Ruta: "/alt='Image" | Método: "GET" | Respuesta HTTP: "404 - Not Found"
[2023-01-25T20:53:23.867] [WARN] Warn - Ruta: "/alt='Image" | Método: "GET" | Respuesta HTTP: "404 - Not Found"
[2023-01-25T20:53:24.514] [WARN] Warn - Ruta: "/alt='Image" | Método: "GET" | Respuesta HTTP: "404 - Not Found"
